# JRE version: Java(TM) SE Runtime Environment (17.0.10+11) (build 17.0.10+11-LTS-240)
# Java VM: Java HotSpot(TM) 64-Bit Server VM (17.0.10+11-LTS-240, mixed mode, sharing, tiered, compressed oops, compressed class ptrs, g1 gc, windows-amd64)
GC Precious Log:
 CPUs: 4 total, 4 available
 Memory: 8052M
 Large Page Support: Disabled
 NUMA Support: Disabled
 Compressed Oops: Enabled (32-bit)
 Heap Region Size: 1M
 Heap Min Capacity: 256M
 Heap Initial Capacity: 256M
 Heap Max Capacity: 512M
 Pre-touch: Disabled
 Parallel Workers: 4
 Concurrent Workers: 1
 Concurrent Refinement Workers: 4
 Periodic GC: Disabled
Heap:
 garbage-first heap   total 262144K, used 165435K [0x00000000e0000000, 0x0000000100000000)
  region size 1024K, 124 young (126976K), 14 survivors (14336K)
 Metaspace       used 54215K, committed 54784K, reserved 393216K
  class space    used 7466K, committed 7744K, reserved 327680K
GC Heap History (20 events):
Event: 3.664 GC heap before
{Heap before GC invocations=0 (full 0):
 garbage-first heap   total 262144K, used 13312K [0x00000000e0000000, 0x0000000100000000)
  region size 1024K, 13 young (13312K), 0 survivors (0K)
 Metaspace       used 1018K, committed 1152K, reserved 393216K
  class space    used 79K, committed 128K, reserved 327680K
}
Event: 3.855 GC heap after
{Heap after GC invocations=1 (full 0):
 garbage-first heap   total 262144K, used 3666K [0x00000000e0000000, 0x0000000100000000)
  region size 1024K, 2 young (2048K), 2 survivors (2048K)
 Metaspace       used 1018K, committed 1152K, reserved 393216K
  class space    used 79K, committed 128K, reserved 327680K
}
Event: 7.026 GC heap before
{Heap before GC invocations=1 (full 0):
 garbage-first heap   total 262144K, used 23122K [0x00000000e0000000, 0x0000000100000000)
  region size 1024K, 18 young (18432K), 2 survivors (2048K)
 Metaspace       used 3949K, committed 4160K, reserved 393216K
  class space    used 491K, committed 576K, reserved 327680K
}
Event: 7.031 GC heap after
{Heap after GC invocations=2 (full 0):
 garbage-first heap   total 262144K, used 10909K [0x00000000e0000000, 0x0000000100000000)
  region size 1024K, 3 young (3072K), 3 survivors (3072K)
 Metaspace       used 3949K, committed 4160K, reserved 393216K
  class space    used 491K, committed 576K, reserved 327680K
}
Event: 11.012 GC heap before
{Heap before GC invocations=2 (full 0):
 garbage-first heap   total 262144K, used 33437K [0x00000000e0000000, 0x0000000100000000)
  region size 1024K, 25 young (25600K), 3 survivors (3072K)
 Metaspace       used 4041K, committed 4224K, reserved 393216K
  class space    used 492K, committed 576K, reserved 327680K
}
Event: 11.015 GC heap after
{Heap after GC invocations=3 (full 0):
 garbage-first heap   total 262144K, used 11362K [0x00000000e0000000, 0x0000000100000000)
  region size 1024K, 1 young (1024K), 1 survivors (1024K)
 Metaspace       used 4041K, committed 4224K, reserved 393216K
  class space    used 492K, committed 576K, reserved 327680K
}
Event: 59.965 GC heap before
{Heap before GC invocations=3 (full 0):
 garbage-first heap   total 262144K, used 128098K [0x00000000e0000000, 0x0000000100000000)
  region size 1024K, 115 young (117760K), 1 survivors (1024K)
 Metaspace       used 21248K, committed 21504K, reserved 393216K
  class space    used 3110K, committed 3264K, reserved 327680K
}
Event: 59.978 GC heap after
{Heap after GC invocations=4 (full 0):
 garbage-first heap   total 262144K, used 22345K [0x00000000e0000000, 0x0000000100000000)
  region size 1024K, 12 young (12288K), 12 survivors (12288K)
 Metaspace       used 21248K, committed 21504K, reserved 393216K
  class space    used 3110K, committed 3264K, reserved 327680K
}
Event: 74.931 GC heap before
{Heap before GC invocations=5 (full 0):
 garbage-first heap   total 262144K, used 139081K [0x00000000e0000000, 0x0000000100000000)
  region size 1024K, 123 young (125952K), 12 survivors (12288K)
 Metaspace       used 35577K, committed 35968K, reserved 393216K
  class space    used 4948K, committed 5120K, reserved 327680K
}
Event: 74.951 GC heap after
{Heap after GC invocations=6 (full 0):
 garbage-first heap   total 262144K, used 31791K [0x00000000e0000000, 0x0000000100000000)
  region size 1024K, 10 young (10240K), 10 survivors (10240K)
 Metaspace       used 35577K, committed 35968K, reserved 393216K
  class space    used 4948K, committed 5120K, reserved 327680K
}
Event: 75.099 GC heap before
{Heap before GC invocations=6 (full 0):
 garbage-first heap   total 262144K, used 33839K [0x00000000e0000000, 0x0000000100000000)
  region size 1024K, 12 young (12288K), 10 survivors (10240K)
 Metaspace       used 35878K, committed 36288K, reserved 393216K
  class space    used 4990K, committed 5184K, reserved 327680K
}
Event: 75.115 GC heap after
{Heap after GC invocations=7 (full 0):
 garbage-first heap   total 262144K, used 31960K [0x00000000e0000000, 0x0000000100000000)
  region size 1024K, 2 young (2048K), 2 survivors (2048K)
 Metaspace       used 35878K, committed 36288K, reserved 393216K
  class space    used 4990K, committed 5184K, reserved 327680K
}
Event: 75.125 GC heap before
{Heap before GC invocations=7 (full 0):
 garbage-first heap   total 262144K, used 31960K [0x00000000e0000000, 0x0000000100000000)
  region size 1024K, 3 young (3072K), 2 survivors (2048K)
 Metaspace       used 35920K, committed 36288K, reserved 393216K
  class space    used 4997K, committed 5184K, reserved 327680K
}
Event: 75.128 GC heap after
{Heap after GC invocations=8 (full 0):
 garbage-first heap   total 262144K, used 30856K [0x00000000e0000000, 0x0000000100000000)
  region size 1024K, 1 young (1024K), 1 survivors (1024K)
 Metaspace       used 35920K, committed 36288K, reserved 393216K
  class space    used 4997K, committed 5184K, reserved 327680K
}
Event: 87.361 GC heap before
{Heap before GC invocations=9 (full 0):
 garbage-first heap   total 262144K, used 187528K [0x00000000e0000000, 0x0000000100000000)
  region size 1024K, 153 young (156672K), 1 survivors (1024K)
 Metaspace       used 48930K, committed 49472K, reserved 393216K
  class space    used 7025K, committed 7296K, reserved 327680K
}
Event: 87.377 GC heap after
{Heap after GC invocations=10 (full 0):
 garbage-first heap   total 262144K, used 41022K [0x00000000e0000000, 0x0000000100000000)
  region size 1024K, 11 young (11264K), 11 survivors (11264K)
 Metaspace       used 48930K, committed 49472K, reserved 393216K
  class space    used 7025K, committed 7296K, reserved 327680K
}
Event: 87.437 GC heap before
{Heap before GC invocations=10 (full 0):
 garbage-first heap   total 262144K, used 42046K [0x00000000e0000000, 0x0000000100000000)
  region size 1024K, 12 young (12288K), 11 survivors (11264K)
 Metaspace       used 49050K, committed 49600K, reserved 393216K
  class space    used 7053K, committed 7296K, reserved 327680K
}
Event: 87.452 GC heap after
{Heap after GC invocations=11 (full 0):
 garbage-first heap   total 262144K, used 42177K [0x00000000e0000000, 0x0000000100000000)
  region size 1024K, 2 young (2048K), 2 survivors (2048K)
 Metaspace       used 49050K, committed 49600K, reserved 393216K
  class space    used 7053K, committed 7296K, reserved 327680K
}
Event: 110.160 GC heap before
{Heap before GC invocations=11 (full 0):
 garbage-first heap   total 262144K, used 196801K [0x00000000e0000000, 0x0000000100000000)
  region size 1024K, 153 young (156672K), 2 survivors (2048K)
 Metaspace       used 52705K, committed 53184K, reserved 393216K
  class space    used 7293K, committed 7552K, reserved 327680K
}
Event: 110.185 GC heap after
{Heap after GC invocations=12 (full 0):
 garbage-first heap   total 262144K, used 54843K [0x00000000e0000000, 0x0000000100000000)
  region size 1024K, 14 young (14336K), 14 survivors (14336K)
 Metaspace       used 52705K, committed 53184K, reserved 393216K
  class space    used 7293K, committed 7552K, reserved 327680K
}

