# JRE version: Java(TM) SE Runtime Environment (17.0.10+11) (build 17.0.10+11-LTS-240)
# Java VM: Java HotSpot(TM) 64-Bit Server VM (17.0.10+11-LTS-240, mixed mode, sharing, tiered, compressed oops, compressed class ptrs, g1 gc, windows-amd64)
GC Precious Log:
 CPUs: 4 total, 4 available
 Memory: 8052M
 Large Page Support: Disabled
 NUMA Support: Disabled
 Compressed Oops: Enabled (32-bit)
 Heap Region Size: 1M
 Heap Min Capacity: 256M
 Heap Initial Capacity: 256M
 Heap Max Capacity: 512M
 Pre-touch: Disabled
 Parallel Workers: 4
 Concurrent Workers: 1
 Concurrent Refinement Workers: 4
 Periodic GC: Disabled
Heap:
 garbage-first heap   total 262144K, used 182272K [0x00000000e0000000, 0x0000000100000000)
  region size 1024K, 132 young (135168K), 7 survivors (7168K)
 Metaspace       used 54755K, committed 55296K, reserved 393216K
  class space    used 7454K, committed 7744K, reserved 327680K
GC Heap History (16 events):
Event: 12.411 GC heap before
{Heap before GC invocations=0 (full 0):
 garbage-first heap   total 262144K, used 13312K [0x00000000e0000000, 0x0000000100000000)
  region size 1024K, 13 young (13312K), 0 survivors (0K)
 Metaspace       used 1016K, committed 1152K, reserved 393216K
  class space    used 77K, committed 128K, reserved 327680K
}
Event: 12.511 GC heap after
{Heap after GC invocations=1 (full 0):
 garbage-first heap   total 262144K, used 3626K [0x00000000e0000000, 0x0000000100000000)
  region size 1024K, 2 young (2048K), 2 survivors (2048K)
 Metaspace       used 1016K, committed 1152K, reserved 393216K
  class space    used 77K, committed 128K, reserved 327680K
}
Event: 16.496 GC heap before
{Heap before GC invocations=1 (full 0):
 garbage-first heap   total 262144K, used 23082K [0x00000000e0000000, 0x0000000100000000)
  region size 1024K, 17 young (17408K), 2 survivors (2048K)
 Metaspace       used 3870K, committed 4032K, reserved 393216K
  class space    used 487K, committed 576K, reserved 327680K
}
Event: 16.502 GC heap after
{Heap after GC invocations=2 (full 0):
 garbage-first heap   total 262144K, used 10684K [0x00000000e0000000, 0x0000000100000000)
  region size 1024K, 3 young (3072K), 3 survivors (3072K)
 Metaspace       used 3870K, committed 4032K, reserved 393216K
  class space    used 487K, committed 576K, reserved 327680K
}
Event: 19.780 GC heap before
{Heap before GC invocations=2 (full 0):
 garbage-first heap   total 262144K, used 33212K [0x00000000e0000000, 0x0000000100000000)
  region size 1024K, 25 young (25600K), 3 survivors (3072K)
 Metaspace       used 4035K, committed 4224K, reserved 393216K
  class space    used 492K, committed 576K, reserved 327680K
}
Event: 19.784 GC heap after
{Heap after GC invocations=3 (full 0):
 garbage-first heap   total 262144K, used 11234K [0x00000000e0000000, 0x0000000100000000)
  region size 1024K, 1 young (1024K), 1 survivors (1024K)
 Metaspace       used 4035K, committed 4224K, reserved 393216K
  class space    used 492K, committed 576K, reserved 327680K
}
Event: 38.637 GC heap before
{Heap before GC invocations=3 (full 0):
 garbage-first heap   total 262144K, used 128994K [0x00000000e0000000, 0x0000000100000000)
  region size 1024K, 116 young (118784K), 1 survivors (1024K)
 Metaspace       used 21258K, committed 21504K, reserved 393216K
  class space    used 3119K, committed 3264K, reserved 327680K
}
Event: 38.651 GC heap after
{Heap after GC invocations=4 (full 0):
 garbage-first heap   total 262144K, used 22401K [0x00000000e0000000, 0x0000000100000000)
  region size 1024K, 12 young (12288K), 12 survivors (12288K)
 Metaspace       used 21258K, committed 21504K, reserved 393216K
  class space    used 3119K, committed 3264K, reserved 327680K
}
Event: 68.013 GC heap before
{Heap before GC invocations=5 (full 0):
 garbage-first heap   total 262144K, used 140161K [0x00000000e0000000, 0x0000000100000000)
  region size 1024K, 124 young (126976K), 12 survivors (12288K)
 Metaspace       used 35711K, committed 36096K, reserved 393216K
  class space    used 4969K, committed 5184K, reserved 327680K
}
Event: 68.035 GC heap after
{Heap after GC invocations=6 (full 0):
 garbage-first heap   total 262144K, used 31616K [0x00000000e0000000, 0x0000000100000000)
  region size 1024K, 10 young (10240K), 10 survivors (10240K)
 Metaspace       used 35711K, committed 36096K, reserved 393216K
  class space    used 4969K, committed 5184K, reserved 327680K
}
Event: 80.804 GC heap before
{Heap before GC invocations=7 (full 0):
 garbage-first heap   total 262144K, used 179072K [0x00000000e0000000, 0x0000000100000000)
  region size 1024K, 153 young (156672K), 10 survivors (10240K)
 Metaspace       used 47909K, committed 48512K, reserved 393216K
  class space    used 6826K, committed 7104K, reserved 327680K
}
Event: 80.827 GC heap after
{Heap after GC invocations=8 (full 0):
 garbage-first heap   total 262144K, used 40360K [0x00000000e0000000, 0x0000000100000000)
  region size 1024K, 18 young (18432K), 18 survivors (18432K)
 Metaspace       used 47909K, committed 48512K, reserved 393216K
  class space    used 6826K, committed 7104K, reserved 327680K
}
Event: 124.006 GC heap before
{Heap before GC invocations=8 (full 0):
 garbage-first heap   total 262144K, used 177576K [0x00000000e0000000, 0x0000000100000000)
  region size 1024K, 153 young (156672K), 18 survivors (18432K)
 Metaspace       used 52572K, committed 53120K, reserved 393216K
  class space    used 7288K, committed 7552K, reserved 327680K
}
Event: 124.044 GC heap after
{Heap after GC invocations=9 (full 0):
 garbage-first heap   total 262144K, used 51586K [0x00000000e0000000, 0x0000000100000000)
  region size 1024K, 20 young (20480K), 20 survivors (20480K)
 Metaspace       used 52572K, committed 53120K, reserved 393216K
  class space    used 7288K, committed 7552K, reserved 327680K
}
Event: 175.573 GC heap before
{Heap before GC invocations=9 (full 0):
 garbage-first heap   total 262144K, used 186754K [0x00000000e0000000, 0x0000000100000000)
  region size 1024K, 153 young (156672K), 20 survivors (20480K)
 Metaspace       used 54319K, committed 54912K, reserved 393216K
  class space    used 7453K, committed 7744K, reserved 327680K
}
Event: 175.652 GC heap after
{Heap after GC invocations=10 (full 0):
 garbage-first heap   total 262144K, used 56320K [0x00000000e0000000, 0x0000000100000000)
  region size 1024K, 7 young (7168K), 7 survivors (7168K)
 Metaspace       used 54319K, committed 54912K, reserved 393216K
  class space    used 7453K, committed 7744K, reserved 327680K
}

