# JRE version: Java(TM) SE Runtime Environment (17.0.10+11) (build 17.0.10+11-LTS-240)
# Java VM: Java HotSpot(TM) 64-Bit Server VM (17.0.10+11-LTS-240, mixed mode, sharing, tiered, compressed oops, compressed class ptrs, g1 gc, windows-amd64)
GC Precious Log:
 CPUs: 4 total, 4 available
 Memory: 8052M
 Large Page Support: Disabled
 NUMA Support: Disabled
 Compressed Oops: Enabled (32-bit)
 Heap Region Size: 1M
 Heap Min Capacity: 256M
 Heap Initial Capacity: 256M
 Heap Max Capacity: 512M
 Pre-touch: Disabled
 Parallel Workers: 4
 Concurrent Workers: 1
 Concurrent Refinement Workers: 4
 Periodic GC: Disabled
Heap:
 garbage-first heap   total 262144K, used 71488K [0x00000000e0000000, 0x0000000100000000)
  region size 1024K, 51 young (52224K), 18 survivors (18432K)
 Metaspace       used 50684K, committed 51200K, reserved 393216K
  class space    used 7212K, committed 7488K, reserved 327680K
GC Heap History (12 events):
Event: 1.735 GC heap before
{Heap before GC invocations=0 (full 0):
 garbage-first heap   total 262144K, used 13312K [0x00000000e0000000, 0x0000000100000000)
  region size 1024K, 13 young (13312K), 0 survivors (0K)
 Metaspace       used 1015K, committed 1152K, reserved 393216K
  class space    used 77K, committed 128K, reserved 327680K
}
Event: 1.781 GC heap after
{Heap after GC invocations=1 (full 0):
 garbage-first heap   total 262144K, used 3626K [0x00000000e0000000, 0x0000000100000000)
  region size 1024K, 2 young (2048K), 2 survivors (2048K)
 Metaspace       used 1015K, committed 1152K, reserved 393216K
  class space    used 77K, committed 128K, reserved 327680K
}
Event: 3.564 GC heap before
{Heap before GC invocations=1 (full 0):
 garbage-first heap   total 262144K, used 23082K [0x00000000e0000000, 0x0000000100000000)
  region size 1024K, 17 young (17408K), 2 survivors (2048K)
 Metaspace       used 3866K, committed 4032K, reserved 393216K
  class space    used 486K, committed 576K, reserved 327680K
}
Event: 3.570 GC heap after
{Heap after GC invocations=2 (full 0):
 garbage-first heap   total 262144K, used 10821K [0x00000000e0000000, 0x0000000100000000)
  region size 1024K, 3 young (3072K), 3 survivors (3072K)
 Metaspace       used 3866K, committed 4032K, reserved 393216K
  class space    used 486K, committed 576K, reserved 327680K
}
Event: 4.885 GC heap before
{Heap before GC invocations=2 (full 0):
 garbage-first heap   total 262144K, used 33349K [0x00000000e0000000, 0x0000000100000000)
  region size 1024K, 25 young (25600K), 3 survivors (3072K)
 Metaspace       used 4023K, committed 4160K, reserved 393216K
  class space    used 492K, committed 576K, reserved 327680K
}
Event: 4.892 GC heap after
{Heap after GC invocations=3 (full 0):
 garbage-first heap   total 262144K, used 11290K [0x00000000e0000000, 0x0000000100000000)
  region size 1024K, 1 young (1024K), 1 survivors (1024K)
 Metaspace       used 4023K, committed 4160K, reserved 393216K
  class space    used 492K, committed 576K, reserved 327680K
}
Event: 26.582 GC heap before
{Heap before GC invocations=3 (full 0):
 garbage-first heap   total 262144K, used 129050K [0x00000000e0000000, 0x0000000100000000)
  region size 1024K, 117 young (119808K), 1 survivors (1024K)
 Metaspace       used 21272K, committed 21504K, reserved 393216K
  class space    used 3114K, committed 3200K, reserved 327680K
}
Event: 26.596 GC heap after
{Heap after GC invocations=4 (full 0):
 garbage-first heap   total 262144K, used 22739K [0x00000000e0000000, 0x0000000100000000)
  region size 1024K, 12 young (12288K), 12 survivors (12288K)
 Metaspace       used 21272K, committed 21504K, reserved 393216K
  class space    used 3114K, committed 3200K, reserved 327680K
}
Event: 56.421 GC heap before
{Heap before GC invocations=5 (full 0):
 garbage-first heap   total 262144K, used 140499K [0x00000000e0000000, 0x0000000100000000)
  region size 1024K, 124 young (126976K), 12 survivors (12288K)
 Metaspace       used 35679K, committed 36096K, reserved 393216K
  class space    used 4962K, committed 5184K, reserved 327680K
}
Event: 56.451 GC heap after
{Heap after GC invocations=6 (full 0):
 garbage-first heap   total 262144K, used 31660K [0x00000000e0000000, 0x0000000100000000)
  region size 1024K, 10 young (10240K), 10 survivors (10240K)
 Metaspace       used 35679K, committed 36096K, reserved 393216K
  class space    used 4962K, committed 5184K, reserved 327680K
}
Event: 96.646 GC heap before
{Heap before GC invocations=7 (full 0):
 garbage-first heap   total 262144K, used 179116K [0x00000000e0000000, 0x0000000100000000)
  region size 1024K, 153 young (156672K), 10 survivors (10240K)
 Metaspace       used 47940K, committed 48448K, reserved 393216K
  class space    used 6832K, committed 7104K, reserved 327680K
}
Event: 96.674 GC heap after
{Heap after GC invocations=8 (full 0):
 garbage-first heap   total 262144K, used 39744K [0x00000000e0000000, 0x0000000100000000)
  region size 1024K, 18 young (18432K), 18 survivors (18432K)
 Metaspace       used 47940K, committed 48448K, reserved 393216K
  class space    used 6832K, committed 7104K, reserved 327680K
}

