# JRE version: Java(TM) SE Runtime Environment (17.0.10+11) (build 17.0.10+11-LTS-240)
# Java VM: Java HotSpot(TM) 64-Bit Server VM (17.0.10+11-LTS-240, mixed mode, sharing, tiered, compressed oops, compressed class ptrs, g1 gc, windows-amd64)
GC Precious Log:
 CPUs: 4 total, 4 available
 Memory: 8052M
 Large Page Support: Disabled
 NUMA Support: Disabled
 Compressed Oops: Enabled (32-bit)
 Heap Region Size: 1M
 Heap Min Capacity: 256M
 Heap Initial Capacity: 256M
 Heap Max Capacity: 512M
 Pre-touch: Disabled
 Parallel Workers: 4
 Concurrent Workers: 1
 Concurrent Refinement Workers: 4
 Periodic GC: Disabled
Heap:
 garbage-first heap   total 262144K, used 151433K [0x00000000e0000000, 0x0000000100000000)
  region size 1024K, 120 young (122880K), 20 survivors (20480K)
 Metaspace       used 53838K, committed 54400K, reserved 393216K
  class space    used 7440K, committed 7744K, reserved 327680K
GC Heap History (14 events):
Event: 3.229 GC heap before
{Heap before GC invocations=0 (full 0):
 garbage-first heap   total 262144K, used 13312K [0x00000000e0000000, 0x0000000100000000)
  region size 1024K, 13 young (13312K), 0 survivors (0K)
 Metaspace       used 1025K, committed 1152K, reserved 393216K
  class space    used 80K, committed 128K, reserved 327680K
}
Event: 3.239 GC heap after
{Heap after GC invocations=1 (full 0):
 garbage-first heap   total 262144K, used 3456K [0x00000000e0000000, 0x0000000100000000)
  region size 1024K, 2 young (2048K), 2 survivors (2048K)
 Metaspace       used 1025K, committed 1152K, reserved 393216K
  class space    used 80K, committed 128K, reserved 327680K
}
Event: 6.646 GC heap before
{Heap before GC invocations=1 (full 0):
 garbage-first heap   total 262144K, used 22912K [0x00000000e0000000, 0x0000000100000000)
  region size 1024K, 18 young (18432K), 2 survivors (2048K)
 Metaspace       used 3940K, committed 4096K, reserved 393216K
  class space    used 491K, committed 576K, reserved 327680K
}
Event: 6.650 GC heap after
{Heap after GC invocations=2 (full 0):
 garbage-first heap   total 262144K, used 10588K [0x00000000e0000000, 0x0000000100000000)
  region size 1024K, 3 young (3072K), 3 survivors (3072K)
 Metaspace       used 3940K, committed 4096K, reserved 393216K
  class space    used 491K, committed 576K, reserved 327680K
}
Event: 9.195 GC heap before
{Heap before GC invocations=2 (full 0):
 garbage-first heap   total 262144K, used 33116K [0x00000000e0000000, 0x0000000100000000)
  region size 1024K, 25 young (25600K), 3 survivors (3072K)
 Metaspace       used 4025K, committed 4160K, reserved 393216K
  class space    used 492K, committed 576K, reserved 327680K
}
Event: 9.198 GC heap after
{Heap after GC invocations=3 (full 0):
 garbage-first heap   total 262144K, used 11208K [0x00000000e0000000, 0x0000000100000000)
  region size 1024K, 1 young (1024K), 1 survivors (1024K)
 Metaspace       used 4025K, committed 4160K, reserved 393216K
  class space    used 492K, committed 576K, reserved 327680K
}
Event: 36.501 GC heap before
{Heap before GC invocations=3 (full 0):
 garbage-first heap   total 262144K, used 126920K [0x00000000e0000000, 0x0000000100000000)
  region size 1024K, 115 young (117760K), 1 survivors (1024K)
 Metaspace       used 21222K, committed 21504K, reserved 393216K
  class space    used 3108K, committed 3264K, reserved 327680K
}
Event: 36.519 GC heap after
{Heap after GC invocations=4 (full 0):
 garbage-first heap   total 262144K, used 22163K [0x00000000e0000000, 0x0000000100000000)
  region size 1024K, 12 young (12288K), 12 survivors (12288K)
 Metaspace       used 21222K, committed 21504K, reserved 393216K
  class space    used 3108K, committed 3264K, reserved 327680K
}
Event: 46.640 GC heap before
{Heap before GC invocations=5 (full 0):
 garbage-first heap   total 262144K, used 137875K [0x00000000e0000000, 0x0000000100000000)
  region size 1024K, 122 young (124928K), 12 survivors (12288K)
 Metaspace       used 35588K, committed 35968K, reserved 393216K
  class space    used 4958K, committed 5184K, reserved 327680K
}
Event: 46.660 GC heap after
{Heap after GC invocations=6 (full 0):
 garbage-first heap   total 262144K, used 31618K [0x00000000e0000000, 0x0000000100000000)
  region size 1024K, 10 young (10240K), 10 survivors (10240K)
 Metaspace       used 35588K, committed 35968K, reserved 393216K
  class space    used 4958K, committed 5184K, reserved 327680K
}
Event: 61.268 GC heap before
{Heap before GC invocations=7 (full 0):
 garbage-first heap   total 262144K, used 179074K [0x00000000e0000000, 0x0000000100000000)
  region size 1024K, 153 young (156672K), 10 survivors (10240K)
 Metaspace       used 47900K, committed 48448K, reserved 393216K
  class space    used 6833K, committed 7104K, reserved 327680K
}
Event: 61.290 GC heap after
{Heap after GC invocations=8 (full 0):
 garbage-first heap   total 262144K, used 40111K [0x00000000e0000000, 0x0000000100000000)
  region size 1024K, 18 young (18432K), 18 survivors (18432K)
 Metaspace       used 47900K, committed 48448K, reserved 393216K
  class space    used 6833K, committed 7104K, reserved 327680K
}
Event: 104.921 GC heap before
{Heap before GC invocations=8 (full 0):
 garbage-first heap   total 262144K, used 177327K [0x00000000e0000000, 0x0000000100000000)
  region size 1024K, 153 young (156672K), 18 survivors (18432K)
 Metaspace       used 52511K, committed 53056K, reserved 393216K
  class space    used 7286K, committed 7552K, reserved 327680K
}
Event: 104.963 GC heap after
{Heap after GC invocations=9 (full 0):
 garbage-first heap   total 262144K, used 51081K [0x00000000e0000000, 0x0000000100000000)
  region size 1024K, 20 young (20480K), 20 survivors (20480K)
 Metaspace       used 52511K, committed 53056K, reserved 393216K
  class space    used 7286K, committed 7552K, reserved 327680K
}

