# JRE version: Java(TM) SE Runtime Environment (17.0.10+11) (build 17.0.10+11-LTS-240)
# Java VM: Java HotSpot(TM) 64-Bit Server VM (17.0.10+11-LTS-240, mixed mode, sharing, tiered, compressed oops, compressed class ptrs, g1 gc, windows-amd64)
GC Precious Log:
 CPUs: 4 total, 4 available
 Memory: 8052M
 Large Page Support: Disabled
 NUMA Support: Disabled
 Compressed Oops: Enabled (32-bit)
 Heap Region Size: 1M
 Heap Min Capacity: 256M
 Heap Initial Capacity: 256M
 Heap Max Capacity: 512M
 Pre-touch: Disabled
 Parallel Workers: 4
 Concurrent Workers: 1
 Concurrent Refinement Workers: 4
 Periodic GC: Disabled
Heap:
 garbage-first heap   total 262144K, used 143952K [0x00000000e0000000, 0x0000000100000000)
  region size 1024K, 111 young (113664K), 20 survivors (20480K)
 Metaspace       used 53193K, committed 53696K, reserved 393216K
  class space    used 7303K, committed 7552K, reserved 327680K
GC Heap History (18 events):
Event: 5.231 GC heap before
{Heap before GC invocations=0 (full 0):
 garbage-first heap   total 262144K, used 13312K [0x00000000e0000000, 0x0000000100000000)
  region size 1024K, 13 young (13312K), 0 survivors (0K)
 Metaspace       used 1032K, committed 1152K, reserved 393216K
  class space    used 80K, committed 128K, reserved 327680K
}
Event: 5.953 GC heap after
{Heap after GC invocations=1 (full 0):
 garbage-first heap   total 262144K, used 3432K [0x00000000e0000000, 0x0000000100000000)
  region size 1024K, 2 young (2048K), 2 survivors (2048K)
 Metaspace       used 1032K, committed 1152K, reserved 393216K
  class space    used 80K, committed 128K, reserved 327680K
}
Event: 10.398 GC heap before
{Heap before GC invocations=1 (full 0):
 garbage-first heap   total 262144K, used 22888K [0x00000000e0000000, 0x0000000100000000)
  region size 1024K, 18 young (18432K), 2 survivors (2048K)
 Metaspace       used 3952K, committed 4160K, reserved 393216K
  class space    used 491K, committed 576K, reserved 327680K
}
Event: 10.406 GC heap after
{Heap after GC invocations=2 (full 0):
 garbage-first heap   total 262144K, used 11087K [0x00000000e0000000, 0x0000000100000000)
  region size 1024K, 3 young (3072K), 3 survivors (3072K)
 Metaspace       used 3952K, committed 4160K, reserved 393216K
  class space    used 491K, committed 576K, reserved 327680K
}
Event: 15.103 GC heap before
{Heap before GC invocations=2 (full 0):
 garbage-first heap   total 262144K, used 33615K [0x00000000e0000000, 0x0000000100000000)
  region size 1024K, 25 young (25600K), 3 survivors (3072K)
 Metaspace       used 4030K, committed 4160K, reserved 393216K
  class space    used 492K, committed 576K, reserved 327680K
}
Event: 15.108 GC heap after
{Heap after GC invocations=3 (full 0):
 garbage-first heap   total 262144K, used 11765K [0x00000000e0000000, 0x0000000100000000)
  region size 1024K, 1 young (1024K), 1 survivors (1024K)
 Metaspace       used 4030K, committed 4160K, reserved 393216K
  class space    used 492K, committed 576K, reserved 327680K
}
Event: 42.364 GC heap before
{Heap before GC invocations=3 (full 0):
 garbage-first heap   total 262144K, used 128501K [0x00000000e0000000, 0x0000000100000000)
  region size 1024K, 116 young (118784K), 1 survivors (1024K)
 Metaspace       used 21268K, committed 21504K, reserved 393216K
  class space    used 3113K, committed 3200K, reserved 327680K
}
Event: 42.381 GC heap after
{Heap after GC invocations=4 (full 0):
 garbage-first heap   total 262144K, used 22712K [0x00000000e0000000, 0x0000000100000000)
  region size 1024K, 12 young (12288K), 12 survivors (12288K)
 Metaspace       used 21268K, committed 21504K, reserved 393216K
  class space    used 3113K, committed 3200K, reserved 327680K
}
Event: 97.108 GC heap before
{Heap before GC invocations=5 (full 0):
 garbage-first heap   total 262144K, used 143544K [0x00000000e0000000, 0x0000000100000000)
  region size 1024K, 127 young (130048K), 12 survivors (12288K)
 Metaspace       used 35716K, committed 36096K, reserved 393216K
  class space    used 4963K, committed 5184K, reserved 327680K
}
Event: 97.138 GC heap after
{Heap after GC invocations=6 (full 0):
 garbage-first heap   total 262144K, used 32064K [0x00000000e0000000, 0x0000000100000000)
  region size 1024K, 10 young (10240K), 10 survivors (10240K)
 Metaspace       used 35716K, committed 36096K, reserved 393216K
  class space    used 4963K, committed 5184K, reserved 327680K
}
Event: 97.351 GC heap before
{Heap before GC invocations=6 (full 0):
 garbage-first heap   total 262144K, used 33088K [0x00000000e0000000, 0x0000000100000000)
  region size 1024K, 12 young (12288K), 10 survivors (10240K)
 Metaspace       used 36025K, committed 36416K, reserved 393216K
  class space    used 5005K, committed 5184K, reserved 327680K
}
Event: 97.361 GC heap after
{Heap after GC invocations=7 (full 0):
 garbage-first heap   total 262144K, used 31958K [0x00000000e0000000, 0x0000000100000000)
  region size 1024K, 2 young (2048K), 2 survivors (2048K)
 Metaspace       used 36025K, committed 36416K, reserved 393216K
  class space    used 5005K, committed 5184K, reserved 327680K
}
Event: 97.683 GC heap before
{Heap before GC invocations=7 (full 0):
 garbage-first heap   total 262144K, used 35030K [0x00000000e0000000, 0x0000000100000000)
  region size 1024K, 6 young (6144K), 2 survivors (2048K)
 Metaspace       used 36356K, committed 36736K, reserved 393216K
  class space    used 5067K, committed 5248K, reserved 327680K
}
Event: 97.686 GC heap after
{Heap after GC invocations=8 (full 0):
 garbage-first heap   total 262144K, used 30949K [0x00000000e0000000, 0x0000000100000000)
  region size 1024K, 1 young (1024K), 1 survivors (1024K)
 Metaspace       used 36356K, committed 36736K, reserved 393216K
  class space    used 5067K, committed 5248K, reserved 327680K
}
Event: 143.402 GC heap before
{Heap before GC invocations=9 (full 0):
 garbage-first heap   total 262144K, used 187621K [0x00000000e0000000, 0x0000000100000000)
  region size 1024K, 153 young (156672K), 1 survivors (1024K)
 Metaspace       used 49083K, committed 49600K, reserved 393216K
  class space    used 7031K, committed 7296K, reserved 327680K
}
Event: 143.427 GC heap after
{Heap after GC invocations=10 (full 0):
 garbage-first heap   total 262144K, used 40989K [0x00000000e0000000, 0x0000000100000000)
  region size 1024K, 11 young (11264K), 11 survivors (11264K)
 Metaspace       used 49083K, committed 49600K, reserved 393216K
  class space    used 7031K, committed 7296K, reserved 327680K
}
Event: 242.682 GC heap before
{Heap before GC invocations=10 (full 0):
 garbage-first heap   total 262144K, used 185373K [0x00000000e0000000, 0x0000000100000000)
  region size 1024K, 153 young (156672K), 11 survivors (11264K)
 Metaspace       used 52622K, committed 53184K, reserved 393216K
  class space    used 7291K, committed 7552K, reserved 327680K
}
Event: 242.831 GC heap after
{Heap after GC invocations=11 (full 0):
 garbage-first heap   total 262144K, used 52816K [0x00000000e0000000, 0x0000000100000000)
  region size 1024K, 20 young (20480K), 20 survivors (20480K)
 Metaspace       used 52622K, committed 53184K, reserved 393216K
  class space    used 7291K, committed 7552K, reserved 327680K
}

