# JRE version: Java(TM) SE Runtime Environment (17.0.10+11) (build 17.0.10+11-LTS-240)
# Java VM: Java HotSpot(TM) 64-Bit Server VM (17.0.10+11-LTS-240, mixed mode, sharing, tiered, compressed oops, compressed class ptrs, g1 gc, windows-amd64)
GC Precious Log:
 CPUs: 4 total, 4 available
 Memory: 8052M
 Large Page Support: Disabled
 NUMA Support: Disabled
 Compressed Oops: Enabled (32-bit)
 Heap Region Size: 1M
 Heap Min Capacity: 256M
 Heap Initial Capacity: 256M
 Heap Max Capacity: 512M
 Pre-touch: Disabled
 Parallel Workers: 4
 Concurrent Workers: 1
 Concurrent Refinement Workers: 4
 Periodic GC: Disabled
Heap:
 garbage-first heap   total 262144K, used 109332K [0x00000000e0000000, 0x0000000100000000)
  region size 1024K, 85 young (87040K), 9 survivors (9216K)
 Metaspace       used 43863K, committed 44288K, reserved 393216K
  class space    used 6141K, committed 6336K, reserved 327680K
GC Heap History (10 events):
Event: 5.397 GC heap before
{Heap before GC invocations=0 (full 0):
 garbage-first heap   total 262144K, used 13312K [0x00000000e0000000, 0x0000000100000000)
  region size 1024K, 13 young (13312K), 0 survivors (0K)
 Metaspace       used 1010K, committed 1152K, reserved 393216K
  class space    used 77K, committed 128K, reserved 327680K
}
Event: 5.902 GC heap after
{Heap after GC invocations=1 (full 0):
 garbage-first heap   total 262144K, used 3626K [0x00000000e0000000, 0x0000000100000000)
  region size 1024K, 2 young (2048K), 2 survivors (2048K)
 Metaspace       used 1010K, committed 1152K, reserved 393216K
  class space    used 77K, committed 128K, reserved 327680K
}
Event: 20.105 GC heap before
{Heap before GC invocations=1 (full 0):
 garbage-first heap   total 262144K, used 23082K [0x00000000e0000000, 0x0000000100000000)
  region size 1024K, 17 young (17408K), 2 survivors (2048K)
 Metaspace       used 3854K, committed 4032K, reserved 393216K
  class space    used 485K, committed 576K, reserved 327680K
}
Event: 20.112 GC heap after
{Heap after GC invocations=2 (full 0):
 garbage-first heap   total 262144K, used 10932K [0x00000000e0000000, 0x0000000100000000)
  region size 1024K, 3 young (3072K), 3 survivors (3072K)
 Metaspace       used 3854K, committed 4032K, reserved 393216K
  class space    used 485K, committed 576K, reserved 327680K
}
Event: 22.355 GC heap before
{Heap before GC invocations=2 (full 0):
 garbage-first heap   total 262144K, used 32436K [0x00000000e0000000, 0x0000000100000000)
  region size 1024K, 25 young (25600K), 3 survivors (3072K)
 Metaspace       used 4024K, committed 4160K, reserved 393216K
  class space    used 492K, committed 576K, reserved 327680K
}
Event: 22.358 GC heap after
{Heap after GC invocations=3 (full 0):
 garbage-first heap   total 262144K, used 11919K [0x00000000e0000000, 0x0000000100000000)
  region size 1024K, 1 young (1024K), 1 survivors (1024K)
 Metaspace       used 4024K, committed 4160K, reserved 393216K
  class space    used 492K, committed 576K, reserved 327680K
}
Event: 55.278 GC heap before
{Heap before GC invocations=3 (full 0):
 garbage-first heap   total 262144K, used 128655K [0x00000000e0000000, 0x0000000100000000)
  region size 1024K, 115 young (117760K), 1 survivors (1024K)
 Metaspace       used 21212K, committed 21504K, reserved 393216K
  class space    used 3108K, committed 3200K, reserved 327680K
}
Event: 55.296 GC heap after
{Heap after GC invocations=4 (full 0):
 garbage-first heap   total 262144K, used 22922K [0x00000000e0000000, 0x0000000100000000)
  region size 1024K, 12 young (12288K), 12 survivors (12288K)
 Metaspace       used 21212K, committed 21504K, reserved 393216K
  class space    used 3108K, committed 3200K, reserved 327680K
}
Event: 99.222 GC heap before
{Heap before GC invocations=5 (full 0):
 garbage-first heap   total 262144K, used 141706K [0x00000000e0000000, 0x0000000100000000)
  region size 1024K, 125 young (128000K), 12 survivors (12288K)
 Metaspace       used 35575K, committed 35968K, reserved 393216K
  class space    used 4938K, committed 5184K, reserved 327680K
}
Event: 99.243 GC heap after
{Heap after GC invocations=6 (full 0):
 garbage-first heap   total 262144K, used 31508K [0x00000000e0000000, 0x0000000100000000)
  region size 1024K, 9 young (9216K), 9 survivors (9216K)
 Metaspace       used 35575K, committed 35968K, reserved 393216K
  class space    used 4938K, committed 5184K, reserved 327680K
}

