# JRE version: Java(TM) SE Runtime Environment (17.0.10+11) (build 17.0.10+11-LTS-240)
# Java VM: Java HotSpot(TM) 64-Bit Server VM (17.0.10+11-LTS-240, mixed mode, sharing, tiered, compressed oops, compressed class ptrs, g1 gc, windows-amd64)
GC Precious Log:
 CPUs: 4 total, 4 available
 Memory: 8052M
 Large Page Support: Disabled
 NUMA Support: Disabled
 Compressed Oops: Enabled (32-bit)
 Heap Region Size: 1M
 Heap Min Capacity: 256M
 Heap Initial Capacity: 256M
 Heap Max Capacity: 512M
 Pre-touch: Disabled
 Parallel Workers: 4
 Concurrent Workers: 1
 Concurrent Refinement Workers: 4
 Periodic GC: Disabled
Heap:
 garbage-first heap   total 262144K, used 71680K [0x00000000e0000000, 0x0000000100000000)
  region size 1024K, 41 young (41984K), 20 survivors (20480K)
 Metaspace       used 52576K, committed 53120K, reserved 393216K
  class space    used 7289K, committed 7552K, reserved 327680K
GC Heap History (14 events):
Event: 5.732 GC heap before
{Heap before GC invocations=0 (full 0):
 garbage-first heap   total 262144K, used 13312K [0x00000000e0000000, 0x0000000100000000)
  region size 1024K, 13 young (13312K), 0 survivors (0K)
 Metaspace       used 1002K, committed 1152K, reserved 393216K
  class space    used 77K, committed 128K, reserved 327680K
}
Event: 5.777 GC heap after
{Heap after GC invocations=1 (full 0):
 garbage-first heap   total 262144K, used 3624K [0x00000000e0000000, 0x0000000100000000)
  region size 1024K, 2 young (2048K), 2 survivors (2048K)
 Metaspace       used 1002K, committed 1152K, reserved 393216K
  class space    used 77K, committed 128K, reserved 327680K
}
Event: 9.637 GC heap before
{Heap before GC invocations=1 (full 0):
 garbage-first heap   total 262144K, used 23080K [0x00000000e0000000, 0x0000000100000000)
  region size 1024K, 17 young (17408K), 2 survivors (2048K)
 Metaspace       used 3857K, committed 4032K, reserved 393216K
  class space    used 484K, committed 576K, reserved 327680K
}
Event: 9.641 GC heap after
{Heap after GC invocations=2 (full 0):
 garbage-first heap   total 262144K, used 11195K [0x00000000e0000000, 0x0000000100000000)
  region size 1024K, 3 young (3072K), 3 survivors (3072K)
 Metaspace       used 3857K, committed 4032K, reserved 393216K
  class space    used 484K, committed 576K, reserved 327680K
}
Event: 13.420 GC heap before
{Heap before GC invocations=2 (full 0):
 garbage-first heap   total 262144K, used 32699K [0x00000000e0000000, 0x0000000100000000)
  region size 1024K, 25 young (25600K), 3 survivors (3072K)
 Metaspace       used 4019K, committed 4160K, reserved 393216K
  class space    used 492K, committed 576K, reserved 327680K
}
Event: 13.422 GC heap after
{Heap after GC invocations=3 (full 0):
 garbage-first heap   total 262144K, used 11535K [0x00000000e0000000, 0x0000000100000000)
  region size 1024K, 1 young (1024K), 1 survivors (1024K)
 Metaspace       used 4019K, committed 4160K, reserved 393216K
  class space    used 492K, committed 576K, reserved 327680K
}
Event: 41.784 GC heap before
{Heap before GC invocations=3 (full 0):
 garbage-first heap   total 262144K, used 130319K [0x00000000e0000000, 0x0000000100000000)
  region size 1024K, 117 young (119808K), 1 survivors (1024K)
 Metaspace       used 21259K, committed 21504K, reserved 393216K
  class space    used 3121K, committed 3264K, reserved 327680K
}
Event: 41.797 GC heap after
{Heap after GC invocations=4 (full 0):
 garbage-first heap   total 262144K, used 22629K [0x00000000e0000000, 0x0000000100000000)
  region size 1024K, 12 young (12288K), 12 survivors (12288K)
 Metaspace       used 21259K, committed 21504K, reserved 393216K
  class space    used 3121K, committed 3264K, reserved 327680K
}
Event: 62.699 GC heap before
{Heap before GC invocations=5 (full 0):
 garbage-first heap   total 262144K, used 139365K [0x00000000e0000000, 0x0000000100000000)
  region size 1024K, 123 young (125952K), 12 survivors (12288K)
 Metaspace       used 35593K, committed 35968K, reserved 393216K
  class space    used 4961K, committed 5184K, reserved 327680K
}
Event: 62.725 GC heap after
{Heap after GC invocations=6 (full 0):
 garbage-first heap   total 262144K, used 31203K [0x00000000e0000000, 0x0000000100000000)
  region size 1024K, 9 young (9216K), 9 survivors (9216K)
 Metaspace       used 35593K, committed 35968K, reserved 393216K
  class space    used 4961K, committed 5184K, reserved 327680K
}
Event: 97.969 GC heap before
{Heap before GC invocations=7 (full 0):
 garbage-first heap   total 262144K, used 179683K [0x00000000e0000000, 0x0000000100000000)
  region size 1024K, 153 young (156672K), 9 survivors (9216K)
 Metaspace       used 47929K, committed 48448K, reserved 393216K
  class space    used 6833K, committed 7104K, reserved 327680K
}
Event: 97.994 GC heap after
{Heap after GC invocations=8 (full 0):
 garbage-first heap   total 262144K, used 39947K [0x00000000e0000000, 0x0000000100000000)
  region size 1024K, 17 young (17408K), 17 survivors (17408K)
 Metaspace       used 47929K, committed 48448K, reserved 393216K
  class space    used 6833K, committed 7104K, reserved 327680K
}
Event: 240.881 GC heap before
{Heap before GC invocations=8 (full 0):
 garbage-first heap   total 262144K, used 178187K [0x00000000e0000000, 0x0000000100000000)
  region size 1024K, 153 young (156672K), 17 survivors (17408K)
 Metaspace       used 52364K, committed 52864K, reserved 393216K
  class space    used 7287K, committed 7552K, reserved 327680K
}
Event: 241.057 GC heap after
{Heap after GC invocations=9 (full 0):
 garbage-first heap   total 262144K, used 51200K [0x00000000e0000000, 0x0000000100000000)
  region size 1024K, 20 young (20480K), 20 survivors (20480K)
 Metaspace       used 52364K, committed 52864K, reserved 393216K
  class space    used 7287K, committed 7552K, reserved 327680K
}

